<?xml version="1.0" encoding="UTF-8"?>
<!-- Generated by org.testng.reporters.JUnitReportReporter -->
<testsuite skipped="0" hostname="akash" name="com.crm.qa.testcases.HomePageTest" tests="2" failures="0" timestamp="14 Jun 2020 18:41:09 GMT" time="69.098" errors="0">
  <testcase name="HomePage" time="32.527" classname="com.crm.qa.testcases.HomePageTest"/>
  <testcase name="verifyUserName" time="36.571" classname="com.crm.qa.testcases.HomePageTest"/>
</testsuite> <!-- com.crm.qa.testcases.HomePageTest -->
